<?xml version="1.0" encoding="UTF-8"?>
<testng-results ignored="0" total="1" passed="1" failed="0" skipped="0">
  <reporter-output>
  </reporter-output>
  <suite started-at="2024-09-01T00:10:55 IST" name="Default suite" finished-at="2024-09-01T00:10:55 IST" duration-ms="99">
    <groups>
    </groups>
    <test started-at="2024-09-01T00:10:55 IST" name="Default test" finished-at="2024-09-01T00:10:55 IST" duration-ms="99">
      <class name="com.test.LoginDemo">
        <test-method signature="loginToAccount()[pri:0, instance:com.test.LoginDemo@2fd1433e]" started-at="2024-09-01T00:10:55 IST" name="loginToAccount" finished-at="2024-09-01T00:10:55 IST" duration-ms="16" status="PASS">
          <reporter-output>
          </reporter-output>
        </test-method> <!-- loginToAccount -->
      </class> <!-- com.test.LoginDemo -->
    </test> <!-- Default test -->
  </suite> <!-- Default suite -->
</testng-results>
